<?xml version="1.0" encoding="UTF-8"?>
<!-- Generated by org.testng.reporters.JUnitReportReporter -->
<testsuite hostname="ROG-ZEPHYRUS" failures="0" tests="3" name="com.rad.tests.login.LoginTests" time="18.195" errors="0" timestamp="2025-01-28T23:34:29 IST" skipped="0">
  <testcase classname="com.rad.tests.login.LoginTests" name="testLoginFunc" time="5.816"/>
  <testcase classname="com.rad.tests.login.LoginTests" name="WrongUserName" time="8.130"/>
  <testcase classname="com.rad.tests.login.LoginTests" name="WrongPasswd" time="4.249"/>
</testsuite> <!-- com.rad.tests.login.LoginTests -->
